2015-06-21 20:22:43 [-][-][-][error][yii\console\Exception] exception 'yii\base\InvalidRouteException' with message 'Unable to resolve the request "rbac/init".' in /mnt/hdd2/chroot/yii-app-2.0.4/basic/vendor/yiisoft/yii2/base/Module.php:461
Stack trace:
#0 /mnt/hdd2/chroot/yii-app-2.0.4/basic/vendor/yiisoft/yii2/console/Application.php(161): yii\base\Module->runAction('rbac/init', Array)
#1 /mnt/hdd2/chroot/yii-app-2.0.4/basic/vendor/yiisoft/yii2/console/Application.php(137): yii\console\Application->runAction('rbac/init', Array)
#2 /mnt/hdd2/chroot/yii-app-2.0.4/basic/vendor/yiisoft/yii2/base/Application.php(375): yii\console\Application->handleRequest(Object(yii\console\Request))
#3 /mnt/hdd2/chroot/yii-app-2.0.4/basic/yii(23): yii\base\Application->run()
#4 {main}

Next exception 'yii\console\Exception' with message 'Unknown command "rbac/init".' in /mnt/hdd2/chroot/yii-app-2.0.4/basic/vendor/yiisoft/yii2/console/Application.php:163
Stack trace:
#0 /mnt/hdd2/chroot/yii-app-2.0.4/basic/vendor/yiisoft/yii2/console/Application.php(137): yii\console\Application->runAction('rbac/init', Array)
#1 /mnt/hdd2/chroot/yii-app-2.0.4/basic/vendor/yiisoft/yii2/base/Application.php(375): yii\console\Application->handleRequest(Object(yii\console\Request))
#2 /mnt/hdd2/chroot/yii-app-2.0.4/basic/yii(23): yii\base\Application->run()
#3 {main}
2015-06-21 20:22:43 [-][-][-][info][application] $_SERVER = [
    'TERM' => 'screen'
    'SHELL' => '/usr/local/bin/bash'
    'LC_ALL' => 'ru_RU.KOI8-R'
    'USER' => 'root'
    'SUDO_USER' => 'leev'
    'SUDO_UID' => '1001'
    'TERMCAP' => 'SC|screen|VT 100/ANSI X3.64 virtual terminal:\\
	:DO=\\E[%dB:LE=\\E[%dD:RI=\\E[%dC:UP=\\E[%dA:bs:bt=\\E[Z:\\
	:cd=\\E[J:ce=\\E[K:cl=\\E[H\\E[J:cm=\\E[%i%d;%dH:ct=\\E[3g:\\
	:do=^J:nd=\\E[C:pt:rc=\\E8:rs=\\Ec:sc=\\E7:st=\\EH:up=\\EM:\\
	:le=^H:bl=^G:cr=^M:it#8:ho=\\E[H:nw=\\EE:ta=^I:is=\\E)0:\\
	:li#53:co#177:am:xn:xv:LP:sr=\\EM:al=\\E[L:AL=\\E[%dL:\\
	:cs=\\E[%i%d;%dr:dl=\\E[M:DL=\\E[%dM:dc=\\E[P:DC=\\E[%dP:\\
	:im=\\E[4h:ei=\\E[4l:mi:IC=\\E[%d@:ks=\\E[?1h\\E=:\\
	:ke=\\E[?1l\\E>:vi=\\E[?25l:ve=\\E[34h\\E[?25h:vs=\\E[34l:\\
	:ti=\\E[?1049h:te=\\E[?1049l:us=\\E[4m:ue=\\E[24m:so=\\E[3m:\\
	:se=\\E[23m:md=\\E[1m:mr=\\E[7m:me=\\E[m:ms:\\
	:Co#8:pa#64:AF=\\E[3%dm:AB=\\E[4%dm:op=\\E[39;49m:AX:G0:\\
	:as=\\E(0:ae=\\E(B:\\
	:ac=\\140\\140aaffggjjkkllmmnnooppqqrrssttuuvvwwxxyyzz{{||}}~~..--++,,hhII00:\\
	:k0=\\E[10~:k1=\\EOP:k2=\\EOQ:k3=\\EOR:k4=\\EOS:k5=\\E[15~:\\
	:k6=\\E[17~:k7=\\E[18~:k8=\\E[19~:k9=\\E[20~:k;=\\E[21~:\\
	:F1=\\E[23~:F2=\\E[24~:kb=^H:kh=\\E[1~:@1=\\E[1~:kH=\\E[4~:\\
	:@7=\\E[4~:kN=\\E[6~:kP=\\E[5~:kI=\\E[2~:kD=\\E[3~:ku=\\EOA:\\
	:kd=\\EOB:kr=\\EOC:kl=\\EOD:km:'
    'USERNAME' => 'root'
    'MC_TMPDIR' => '/tmp/mc-root'
    'MAIL' => '/var/mail/root'
    'PATH' => '/sbin:/bin:/usr/sbin:/usr/bin:/usr/games:/usr/local/sbin:/usr/local/bin:/home/leev/bin'
    'STY' => '90192.pts-0.leev'
    'PWD' => '/mnt/hdd2/chroot/yii-app-2.0.4/basic'
    'LANG' => 'ru_RU.KOI8-R'
    'PS1' => '\\[\\033[0;33;40m[\\t]\\033 \\[\\033[1;31;40m[\\033[1;32;40m\\u@\\h:\\033[1;33;40m\\w\\033[1;31;40m]\\033[1;35;40m $\\033[0;37;0m\\] '
    'HISTCONTROL' => 'ignorespace'
    'SHLVL' => '3'
    'SUDO_COMMAND' => '/usr/local/bin/bash'
    'HOME' => '/root'
    'MC_SID' => '2664'
    'LOGNAME' => 'root'
    'WINDOW' => '0'
    'SUDO_GID' => '20'
    'OLDPWD' => '/mnt/hdd2/chroot/yii-app-2.0.4'
    '_' => './yii'
    'PHP_SELF' => './yii'
    'SCRIPT_NAME' => './yii'
    'SCRIPT_FILENAME' => './yii'
    'PATH_TRANSLATED' => './yii'
    'DOCUMENT_ROOT' => ''
    'REQUEST_TIME_FLOAT' => 1434907363.73
    'REQUEST_TIME' => 1434907363
    'argv' => [
        0 => './yii'
        1 => 'rbac/init'
    ]
    'argc' => 2
]
2015-06-21 20:22:49 [-][-][-][error][yii\console\Exception] exception 'yii\base\InvalidRouteException' with message 'Unable to resolve the request "-h".' in /mnt/hdd2/chroot/yii-app-2.0.4/basic/vendor/yiisoft/yii2/base/Module.php:461
Stack trace:
#0 /mnt/hdd2/chroot/yii-app-2.0.4/basic/vendor/yiisoft/yii2/console/Application.php(161): yii\base\Module->runAction('-h', Array)
#1 /mnt/hdd2/chroot/yii-app-2.0.4/basic/vendor/yiisoft/yii2/console/Application.php(137): yii\console\Application->runAction('-h', Array)
#2 /mnt/hdd2/chroot/yii-app-2.0.4/basic/vendor/yiisoft/yii2/base/Application.php(375): yii\console\Application->handleRequest(Object(yii\console\Request))
#3 /mnt/hdd2/chroot/yii-app-2.0.4/basic/yii(23): yii\base\Application->run()
#4 {main}

Next exception 'yii\console\Exception' with message 'Unknown command "-h".' in /mnt/hdd2/chroot/yii-app-2.0.4/basic/vendor/yiisoft/yii2/console/Application.php:163
Stack trace:
#0 /mnt/hdd2/chroot/yii-app-2.0.4/basic/vendor/yiisoft/yii2/console/Application.php(137): yii\console\Application->runAction('-h', Array)
#1 /mnt/hdd2/chroot/yii-app-2.0.4/basic/vendor/yiisoft/yii2/base/Application.php(375): yii\console\Application->handleRequest(Object(yii\console\Request))
#2 /mnt/hdd2/chroot/yii-app-2.0.4/basic/yii(23): yii\base\Application->run()
#3 {main}
2015-06-21 20:22:49 [-][-][-][info][application] $_SERVER = [
    'TERM' => 'screen'
    'SHELL' => '/usr/local/bin/bash'
    'LC_ALL' => 'ru_RU.KOI8-R'
    'USER' => 'root'
    'SUDO_USER' => 'leev'
    'SUDO_UID' => '1001'
    'TERMCAP' => 'SC|screen|VT 100/ANSI X3.64 virtual terminal:\\
	:DO=\\E[%dB:LE=\\E[%dD:RI=\\E[%dC:UP=\\E[%dA:bs:bt=\\E[Z:\\
	:cd=\\E[J:ce=\\E[K:cl=\\E[H\\E[J:cm=\\E[%i%d;%dH:ct=\\E[3g:\\
	:do=^J:nd=\\E[C:pt:rc=\\E8:rs=\\Ec:sc=\\E7:st=\\EH:up=\\EM:\\
	:le=^H:bl=^G:cr=^M:it#8:ho=\\E[H:nw=\\EE:ta=^I:is=\\E)0:\\
	:li#53:co#177:am:xn:xv:LP:sr=\\EM:al=\\E[L:AL=\\E[%dL:\\
	:cs=\\E[%i%d;%dr:dl=\\E[M:DL=\\E[%dM:dc=\\E[P:DC=\\E[%dP:\\
	:im=\\E[4h:ei=\\E[4l:mi:IC=\\E[%d@:ks=\\E[?1h\\E=:\\
	:ke=\\E[?1l\\E>:vi=\\E[?25l:ve=\\E[34h\\E[?25h:vs=\\E[34l:\\
	:ti=\\E[?1049h:te=\\E[?1049l:us=\\E[4m:ue=\\E[24m:so=\\E[3m:\\
	:se=\\E[23m:md=\\E[1m:mr=\\E[7m:me=\\E[m:ms:\\
	:Co#8:pa#64:AF=\\E[3%dm:AB=\\E[4%dm:op=\\E[39;49m:AX:G0:\\
	:as=\\E(0:ae=\\E(B:\\
	:ac=\\140\\140aaffggjjkkllmmnnooppqqrrssttuuvvwwxxyyzz{{||}}~~..--++,,hhII00:\\
	:k0=\\E[10~:k1=\\EOP:k2=\\EOQ:k3=\\EOR:k4=\\EOS:k5=\\E[15~:\\
	:k6=\\E[17~:k7=\\E[18~:k8=\\E[19~:k9=\\E[20~:k;=\\E[21~:\\
	:F1=\\E[23~:F2=\\E[24~:kb=^H:kh=\\E[1~:@1=\\E[1~:kH=\\E[4~:\\
	:@7=\\E[4~:kN=\\E[6~:kP=\\E[5~:kI=\\E[2~:kD=\\E[3~:ku=\\EOA:\\
	:kd=\\EOB:kr=\\EOC:kl=\\EOD:km:'
    'USERNAME' => 'root'
    'MC_TMPDIR' => '/tmp/mc-root'
    'MAIL' => '/var/mail/root'
    'PATH' => '/sbin:/bin:/usr/sbin:/usr/bin:/usr/games:/usr/local/sbin:/usr/local/bin:/home/leev/bin'
    'STY' => '90192.pts-0.leev'
    'PWD' => '/mnt/hdd2/chroot/yii-app-2.0.4/basic'
    'LANG' => 'ru_RU.KOI8-R'
    'PS1' => '\\[\\033[0;33;40m[\\t]\\033 \\[\\033[1;31;40m[\\033[1;32;40m\\u@\\h:\\033[1;33;40m\\w\\033[1;31;40m]\\033[1;35;40m $\\033[0;37;0m\\] '
    'HISTCONTROL' => 'ignorespace'
    'SHLVL' => '3'
    'SUDO_COMMAND' => '/usr/local/bin/bash'
    'HOME' => '/root'
    'MC_SID' => '2664'
    'LOGNAME' => 'root'
    'WINDOW' => '0'
    'SUDO_GID' => '20'
    'OLDPWD' => '/mnt/hdd2/chroot/yii-app-2.0.4'
    '_' => './yii'
    'PHP_SELF' => './yii'
    'SCRIPT_NAME' => './yii'
    'SCRIPT_FILENAME' => './yii'
    'PATH_TRANSLATED' => './yii'
    'DOCUMENT_ROOT' => ''
    'REQUEST_TIME_FLOAT' => 1434907369.02
    'REQUEST_TIME' => 1434907369
    'argv' => [
        0 => './yii'
        1 => '-h'
    ]
    'argc' => 2
]
2015-06-21 20:22:53 [-][-][-][error][yii\console\Exception] exception 'yii\base\InvalidRouteException' with message 'Unable to resolve the request "--help".' in /mnt/hdd2/chroot/yii-app-2.0.4/basic/vendor/yiisoft/yii2/base/Module.php:461
Stack trace:
#0 /mnt/hdd2/chroot/yii-app-2.0.4/basic/vendor/yiisoft/yii2/console/Application.php(161): yii\base\Module->runAction('--help', Array)
#1 /mnt/hdd2/chroot/yii-app-2.0.4/basic/vendor/yiisoft/yii2/console/Application.php(137): yii\console\Application->runAction('--help', Array)
#2 /mnt/hdd2/chroot/yii-app-2.0.4/basic/vendor/yiisoft/yii2/base/Application.php(375): yii\console\Application->handleRequest(Object(yii\console\Request))
#3 /mnt/hdd2/chroot/yii-app-2.0.4/basic/yii(23): yii\base\Application->run()
#4 {main}

Next exception 'yii\console\Exception' with message 'Unknown command "--help".' in /mnt/hdd2/chroot/yii-app-2.0.4/basic/vendor/yiisoft/yii2/console/Application.php:163
Stack trace:
#0 /mnt/hdd2/chroot/yii-app-2.0.4/basic/vendor/yiisoft/yii2/console/Application.php(137): yii\console\Application->runAction('--help', Array)
#1 /mnt/hdd2/chroot/yii-app-2.0.4/basic/vendor/yiisoft/yii2/base/Application.php(375): yii\console\Application->handleRequest(Object(yii\console\Request))
#2 /mnt/hdd2/chroot/yii-app-2.0.4/basic/yii(23): yii\base\Application->run()
#3 {main}
2015-06-21 20:22:53 [-][-][-][info][application] $_SERVER = [
    'TERM' => 'screen'
    'SHELL' => '/usr/local/bin/bash'
    'LC_ALL' => 'ru_RU.KOI8-R'
    'USER' => 'root'
    'SUDO_USER' => 'leev'
    'SUDO_UID' => '1001'
    'TERMCAP' => 'SC|screen|VT 100/ANSI X3.64 virtual terminal:\\
	:DO=\\E[%dB:LE=\\E[%dD:RI=\\E[%dC:UP=\\E[%dA:bs:bt=\\E[Z:\\
	:cd=\\E[J:ce=\\E[K:cl=\\E[H\\E[J:cm=\\E[%i%d;%dH:ct=\\E[3g:\\
	:do=^J:nd=\\E[C:pt:rc=\\E8:rs=\\Ec:sc=\\E7:st=\\EH:up=\\EM:\\
	:le=^H:bl=^G:cr=^M:it#8:ho=\\E[H:nw=\\EE:ta=^I:is=\\E)0:\\
	:li#53:co#177:am:xn:xv:LP:sr=\\EM:al=\\E[L:AL=\\E[%dL:\\
	:cs=\\E[%i%d;%dr:dl=\\E[M:DL=\\E[%dM:dc=\\E[P:DC=\\E[%dP:\\
	:im=\\E[4h:ei=\\E[4l:mi:IC=\\E[%d@:ks=\\E[?1h\\E=:\\
	:ke=\\E[?1l\\E>:vi=\\E[?25l:ve=\\E[34h\\E[?25h:vs=\\E[34l:\\
	:ti=\\E[?1049h:te=\\E[?1049l:us=\\E[4m:ue=\\E[24m:so=\\E[3m:\\
	:se=\\E[23m:md=\\E[1m:mr=\\E[7m:me=\\E[m:ms:\\
	:Co#8:pa#64:AF=\\E[3%dm:AB=\\E[4%dm:op=\\E[39;49m:AX:G0:\\
	:as=\\E(0:ae=\\E(B:\\
	:ac=\\140\\140aaffggjjkkllmmnnooppqqrrssttuuvvwwxxyyzz{{||}}~~..--++,,hhII00:\\
	:k0=\\E[10~:k1=\\EOP:k2=\\EOQ:k3=\\EOR:k4=\\EOS:k5=\\E[15~:\\
	:k6=\\E[17~:k7=\\E[18~:k8=\\E[19~:k9=\\E[20~:k;=\\E[21~:\\
	:F1=\\E[23~:F2=\\E[24~:kb=^H:kh=\\E[1~:@1=\\E[1~:kH=\\E[4~:\\
	:@7=\\E[4~:kN=\\E[6~:kP=\\E[5~:kI=\\E[2~:kD=\\E[3~:ku=\\EOA:\\
	:kd=\\EOB:kr=\\EOC:kl=\\EOD:km:'
    'USERNAME' => 'root'
    'MC_TMPDIR' => '/tmp/mc-root'
    'MAIL' => '/var/mail/root'
    'PATH' => '/sbin:/bin:/usr/sbin:/usr/bin:/usr/games:/usr/local/sbin:/usr/local/bin:/home/leev/bin'
    'STY' => '90192.pts-0.leev'
    'PWD' => '/mnt/hdd2/chroot/yii-app-2.0.4/basic'
    'LANG' => 'ru_RU.KOI8-R'
    'PS1' => '\\[\\033[0;33;40m[\\t]\\033 \\[\\033[1;31;40m[\\033[1;32;40m\\u@\\h:\\033[1;33;40m\\w\\033[1;31;40m]\\033[1;35;40m $\\033[0;37;0m\\] '
    'HISTCONTROL' => 'ignorespace'
    'SHLVL' => '3'
    'SUDO_COMMAND' => '/usr/local/bin/bash'
    'HOME' => '/root'
    'MC_SID' => '2664'
    'LOGNAME' => 'root'
    'WINDOW' => '0'
    'SUDO_GID' => '20'
    'OLDPWD' => '/mnt/hdd2/chroot/yii-app-2.0.4'
    '_' => './yii'
    'PHP_SELF' => './yii'
    'SCRIPT_NAME' => './yii'
    'SCRIPT_FILENAME' => './yii'
    'PATH_TRANSLATED' => './yii'
    'DOCUMENT_ROOT' => ''
    'REQUEST_TIME_FLOAT' => 1434907373.25
    'REQUEST_TIME' => 1434907373
    'argv' => [
        0 => './yii'
        1 => '--help'
    ]
    'argc' => 2
]
